Running Gradle task 'assembleRelease'...                        
An exception has occurred in the compiler (23). Please file a bug against the Java compiler via the Java bug reporting page (https://bugreport.java.com) after checking the Bug Database (https://bugs.java.com) for duplicates. Include your program, the following diagnostic, and the parameters passed to the Java compiler in your report. Thank you.
com.sun.tools.javac.code.Symbol$CompletionFailure: class file for androidx.concurrent.futures.CallbackToFutureAdapter not found

FAILURE: Build failed with an exception.

* What went wrong:
Execution failed for task ':camera_android_camerax:compileReleaseJavaWithJavac'.
> Compilation failed; see the compiler output below.

* Try:
> Run with --scan to get full insights.

BUILD FAILED in 10s
Running Gradle task 'assembleRelease'...                           10.6s
Gradle task assembleRelease failed with exit code 1
